[debug] [2025-09-09T08:55:52.979Z] ----------------------------------------------------------------------
[debug] [2025-09-09T08:55:52.982Z] Command:       C:\nvm4w\nodejs\node.exe C:\nvm4w\nodejs\node_modules\firebase-tools\lib\bin\firebase.js deploy --only firestore
[debug] [2025-09-09T08:55:52.983Z] CLI Version:   14.15.2
[debug] [2025-09-09T08:55:52.983Z] Platform:      win32
[debug] [2025-09-09T08:55:52.983Z] Node Version:  v22.19.0
[debug] [2025-09-09T08:55:52.983Z] Time:          Tue Sep 09 2025 09:55:52 GMT+0100 (West Africa Standard Time)
[debug] [2025-09-09T08:55:52.983Z] ----------------------------------------------------------------------
[debug] 
[debug] [2025-09-09T08:55:53.199Z] > command requires scopes: ["email","openid","https://www.googleapis.com/auth/cloudplatformprojects.readonly","https://www.googleapis.com/auth/firebase","https://www.googleapis.com/auth/cloud-platform"]
[debug] [2025-09-09T08:55:53.199Z] > authorizing via signed-in user (oluomicheal8@gmail.com)
[debug] [2025-09-09T08:55:53.199Z] [iam] checking project quizzme1 for permissions ["datastore.indexes.create","datastore.indexes.delete","datastore.indexes.list","datastore.indexes.update","firebase.projects.get"]
[debug] [2025-09-09T08:55:53.200Z] Checked if tokens are valid: false, expires at: 1757353629327
[debug] [2025-09-09T08:55:53.201Z] Checked if tokens are valid: false, expires at: 1757353629327
[debug] [2025-09-09T08:55:53.201Z] > refreshing access token with scopes: []
[debug] [2025-09-09T08:55:53.203Z] >>> [apiv2][query] POST https://www.googleapis.com/oauth2/v3/token [none]
[debug] [2025-09-09T08:55:53.203Z] >>> [apiv2][body] POST https://www.googleapis.com/oauth2/v3/token [omitted]
[debug] [2025-09-09T08:55:53.989Z] <<< [apiv2][status] POST https://www.googleapis.com/oauth2/v3/token 200
[debug] [2025-09-09T08:55:53.989Z] <<< [apiv2][body] POST https://www.googleapis.com/oauth2/v3/token [omitted]
[debug] [2025-09-09T08:55:53.997Z] >>> [apiv2][query] POST https://cloudresourcemanager.googleapis.com/v1/projects/quizzme1:testIamPermissions [none]
[debug] [2025-09-09T08:55:53.997Z] >>> [apiv2][(partial)header] POST https://cloudresourcemanager.googleapis.com/v1/projects/quizzme1:testIamPermissions x-goog-quota-user=projects/quizzme1
[debug] [2025-09-09T08:55:53.998Z] >>> [apiv2][body] POST https://cloudresourcemanager.googleapis.com/v1/projects/quizzme1:testIamPermissions {"permissions":["datastore.indexes.create","datastore.indexes.delete","datastore.indexes.list","datastore.indexes.update","firebase.projects.get"]}
[debug] [2025-09-09T08:55:55.235Z] <<< [apiv2][status] POST https://cloudresourcemanager.googleapis.com/v1/projects/quizzme1:testIamPermissions 200
